[04-Jan-2023 13:28:18 Asia/Kathmandu] PHP Fatal error:  Declaration of App\Exceptions\Handler::report(Exception $exception) must be compatible with Illuminate\Foundation\Exceptions\Handler::report(Throwable $e) in /home/sevensummittreks/test.sevensummittreks.com/app/Exceptions/Handler.php on line 37
[04-Jan-2023 13:28:18 Asia/Kathmandu] PHP Fatal error:  Uncaught ReflectionException: Class App\Exceptions\Handler does not exist in /home/sevensummittreks/test.sevensummittreks.com/vendor/laravel/framework/src/Illuminate/Container/Container.php:809
Stack trace:
#0 /home/sevensummittreks/test.sevensummittreks.com/vendor/laravel/framework/src/Illuminate/Container/Container.php(809): ReflectionClass->__construct('App\\Exceptions\\...')
#1 /home/sevensummittreks/test.sevensummittreks.com/vendor/laravel/framework/src/Illuminate/Container/Container.php(691): Illuminate\Container\Container->build('App\\Exceptions\\...')
#2 /home/sevensummittreks/test.sevensummittreks.com/vendor/laravel/framework/src/Illuminate/Foundation/Application.php(796): Illuminate\Container\Container->resolve('App\\Exceptions\\...', Array, false)
#3 /home/sevensummittreks/test.sevensummittreks.com/vendor/laravel/framework/src/Illuminate/Container/Container.php(269): Illuminate\Foundation\Application->resolve('App\\Exceptions\\...', Array, false)
#4 /home/sevensummittreks/test.sevensummittreks.com/ in /home/sevensummittreks/test.sevensummittreks.com/vendor/laravel/framework/src/Illuminate/Container/Container.php on line 811
[04-Jan-2023 13:28:33 Asia/Kathmandu] PHP Fatal error:  Declaration of App\Exceptions\Handler::report(Exception $exception) must be compatible with Illuminate\Foundation\Exceptions\Handler::report(Throwable $e) in /home/sevensummittreks/test.sevensummittreks.com/app/Exceptions/Handler.php on line 37
[04-Jan-2023 13:28:33 Asia/Kathmandu] PHP Fatal error:  Uncaught ReflectionException: Class App\Exceptions\Handler does not exist in /home/sevensummittreks/test.sevensummittreks.com/vendor/laravel/framework/src/Illuminate/Container/Container.php:809
Stack trace:
#0 /home/sevensummittreks/test.sevensummittreks.com/vendor/laravel/framework/src/Illuminate/Container/Container.php(809): ReflectionClass->__construct('App\\Exceptions\\...')
#1 /home/sevensummittreks/test.sevensummittreks.com/vendor/laravel/framework/src/Illuminate/Container/Container.php(691): Illuminate\Container\Container->build('App\\Exceptions\\...')
#2 /home/sevensummittreks/test.sevensummittreks.com/vendor/laravel/framework/src/Illuminate/Foundation/Application.php(796): Illuminate\Container\Container->resolve('App\\Exceptions\\...', Array, false)
#3 /home/sevensummittreks/test.sevensummittreks.com/vendor/laravel/framework/src/Illuminate/Container/Container.php(269): Illuminate\Foundation\Application->resolve('App\\Exceptions\\...', Array, false)
#4 /home/sevensummittreks/test.sevensummittreks.com/ in /home/sevensummittreks/test.sevensummittreks.com/vendor/laravel/framework/src/Illuminate/Container/Container.php on line 811
[04-Jan-2023 13:28:44 Asia/Kathmandu] PHP Fatal error:  Declaration of App\Exceptions\Handler::report(Exception $exception) must be compatible with Illuminate\Foundation\Exceptions\Handler::report(Throwable $e) in /home/sevensummittreks/test.sevensummittreks.com/app/Exceptions/Handler.php on line 37
[04-Jan-2023 13:28:44 Asia/Kathmandu] PHP Fatal error:  Uncaught ReflectionException: Class App\Exceptions\Handler does not exist in /home/sevensummittreks/test.sevensummittreks.com/vendor/laravel/framework/src/Illuminate/Container/Container.php:809
Stack trace:
#0 /home/sevensummittreks/test.sevensummittreks.com/vendor/laravel/framework/src/Illuminate/Container/Container.php(809): ReflectionClass->__construct('App\\Exceptions\\...')
#1 /home/sevensummittreks/test.sevensummittreks.com/vendor/laravel/framework/src/Illuminate/Container/Container.php(691): Illuminate\Container\Container->build('App\\Exceptions\\...')
#2 /home/sevensummittreks/test.sevensummittreks.com/vendor/laravel/framework/src/Illuminate/Foundation/Application.php(796): Illuminate\Container\Container->resolve('App\\Exceptions\\...', Array, false)
#3 /home/sevensummittreks/test.sevensummittreks.com/vendor/laravel/framework/src/Illuminate/Container/Container.php(269): Illuminate\Foundation\Application->resolve('App\\Exceptions\\...', Array, false)
#4 /home/sevensummittreks/test.sevensummittreks.com/ in /home/sevensummittreks/test.sevensummittreks.com/vendor/laravel/framework/src/Illuminate/Container/Container.php on line 811
[04-Jan-2023 13:28:49 Asia/Kathmandu] PHP Fatal error:  Declaration of App\Exceptions\Handler::report(Exception $exception) must be compatible with Illuminate\Foundation\Exceptions\Handler::report(Throwable $e) in /home/sevensummittreks/test.sevensummittreks.com/app/Exceptions/Handler.php on line 37
[04-Jan-2023 13:28:49 Asia/Kathmandu] PHP Fatal error:  Uncaught ReflectionException: Class App\Exceptions\Handler does not exist in /home/sevensummittreks/test.sevensummittreks.com/vendor/laravel/framework/src/Illuminate/Container/Container.php:809
Stack trace:
#0 /home/sevensummittreks/test.sevensummittreks.com/vendor/laravel/framework/src/Illuminate/Container/Container.php(809): ReflectionClass->__construct('App\\Exceptions\\...')
#1 /home/sevensummittreks/test.sevensummittreks.com/vendor/laravel/framework/src/Illuminate/Container/Container.php(691): Illuminate\Container\Container->build('App\\Exceptions\\...')
#2 /home/sevensummittreks/test.sevensummittreks.com/vendor/laravel/framework/src/Illuminate/Foundation/Application.php(796): Illuminate\Container\Container->resolve('App\\Exceptions\\...', Array, false)
#3 /home/sevensummittreks/test.sevensummittreks.com/vendor/laravel/framework/src/Illuminate/Container/Container.php(269): Illuminate\Foundation\Application->resolve('App\\Exceptions\\...', Array, false)
#4 /home/sevensummittreks/test.sevensummittreks.com/ in /home/sevensummittreks/test.sevensummittreks.com/vendor/laravel/framework/src/Illuminate/Container/Container.php on line 811
[04-Jan-2023 13:29:49 Asia/Kathmandu] PHP Fatal error:  Declaration of App\Exceptions\Handler::report(Exception $exception) must be compatible with Illuminate\Foundation\Exceptions\Handler::report(Throwable $e) in /home/sevensummittreks/test.sevensummittreks.com/app/Exceptions/Handler.php on line 37
[04-Jan-2023 13:29:49 Asia/Kathmandu] PHP Fatal error:  Uncaught ReflectionException: Class App\Exceptions\Handler does not exist in /home/sevensummittreks/test.sevensummittreks.com/vendor/laravel/framework/src/Illuminate/Container/Container.php:809
Stack trace:
#0 /home/sevensummittreks/test.sevensummittreks.com/vendor/laravel/framework/src/Illuminate/Container/Container.php(809): ReflectionClass->__construct('App\\Exceptions\\...')
#1 /home/sevensummittreks/test.sevensummittreks.com/vendor/laravel/framework/src/Illuminate/Container/Container.php(691): Illuminate\Container\Container->build('App\\Exceptions\\...')
#2 /home/sevensummittreks/test.sevensummittreks.com/vendor/laravel/framework/src/Illuminate/Foundation/Application.php(796): Illuminate\Container\Container->resolve('App\\Exceptions\\...', Array, false)
#3 /home/sevensummittreks/test.sevensummittreks.com/vendor/laravel/framework/src/Illuminate/Container/Container.php(269): Illuminate\Foundation\Application->resolve('App\\Exceptions\\...', Array, false)
#4 /home/sevensummittreks/test.sevensummittreks.com/ in /home/sevensummittreks/test.sevensummittreks.com/vendor/laravel/framework/src/Illuminate/Container/Container.php on line 811
[04-Jan-2023 13:30:01 Asia/Kathmandu] PHP Fatal error:  Declaration of App\Exceptions\Handler::report(Exception $exception) must be compatible with Illuminate\Foundation\Exceptions\Handler::report(Throwable $e) in /home/sevensummittreks/test.sevensummittreks.com/app/Exceptions/Handler.php on line 37
[04-Jan-2023 13:30:01 Asia/Kathmandu] PHP Fatal error:  Uncaught ReflectionException: Class App\Exceptions\Handler does not exist in /home/sevensummittreks/test.sevensummittreks.com/vendor/laravel/framework/src/Illuminate/Container/Container.php:809
Stack trace:
#0 /home/sevensummittreks/test.sevensummittreks.com/vendor/laravel/framework/src/Illuminate/Container/Container.php(809): ReflectionClass->__construct('App\\Exceptions\\...')
#1 /home/sevensummittreks/test.sevensummittreks.com/vendor/laravel/framework/src/Illuminate/Container/Container.php(691): Illuminate\Container\Container->build('App\\Exceptions\\...')
#2 /home/sevensummittreks/test.sevensummittreks.com/vendor/laravel/framework/src/Illuminate/Foundation/Application.php(796): Illuminate\Container\Container->resolve('App\\Exceptions\\...', Array, false)
#3 /home/sevensummittreks/test.sevensummittreks.com/vendor/laravel/framework/src/Illuminate/Container/Container.php(269): Illuminate\Foundation\Application->resolve('App\\Exceptions\\...', Array, false)
#4 /home/sevensummittreks/test.sevensummittreks.com/ in /home/sevensummittreks/test.sevensummittreks.com/vendor/laravel/framework/src/Illuminate/Container/Container.php on line 811
[04-Jan-2023 13:33:27 Asia/Kathmandu] PHP Fatal error:  Declaration of App\Exceptions\Handler::report(Exception $exception) must be compatible with Illuminate\Foundation\Exceptions\Handler::report(Throwable $e) in /home/sevensummittreks/test.sevensummittreks.com/app/Exceptions/Handler.php on line 37
[04-Jan-2023 13:33:27 Asia/Kathmandu] PHP Fatal error:  Uncaught ReflectionException: Class App\Exceptions\Handler does not exist in /home/sevensummittreks/test.sevensummittreks.com/vendor/laravel/framework/src/Illuminate/Container/Container.php:809
Stack trace:
#0 /home/sevensummittreks/test.sevensummittreks.com/vendor/laravel/framework/src/Illuminate/Container/Container.php(809): ReflectionClass->__construct('App\\Exceptions\\...')
#1 /home/sevensummittreks/test.sevensummittreks.com/vendor/laravel/framework/src/Illuminate/Container/Container.php(691): Illuminate\Container\Container->build('App\\Exceptions\\...')
#2 /home/sevensummittreks/test.sevensummittreks.com/vendor/laravel/framework/src/Illuminate/Foundation/Application.php(796): Illuminate\Container\Container->resolve('App\\Exceptions\\...', Array, false)
#3 /home/sevensummittreks/test.sevensummittreks.com/vendor/laravel/framework/src/Illuminate/Container/Container.php(269): Illuminate\Foundation\Application->resolve('App\\Exceptions\\...', Array, false)
#4 /home/sevensummittreks/test.sevensummittreks.com/ in /home/sevensummittreks/test.sevensummittreks.com/vendor/laravel/framework/src/Illuminate/Container/Container.php on line 811
[04-Jan-2023 13:33:36 Asia/Kathmandu] PHP Fatal error:  Declaration of App\Exceptions\Handler::report(Exception $exception) must be compatible with Illuminate\Foundation\Exceptions\Handler::report(Throwable $e) in /home/sevensummittreks/test.sevensummittreks.com/app/Exceptions/Handler.php on line 37
[04-Jan-2023 13:33:36 Asia/Kathmandu] PHP Fatal error:  Uncaught ReflectionException: Class App\Exceptions\Handler does not exist in /home/sevensummittreks/test.sevensummittreks.com/vendor/laravel/framework/src/Illuminate/Container/Container.php:809
Stack trace:
#0 /home/sevensummittreks/test.sevensummittreks.com/vendor/laravel/framework/src/Illuminate/Container/Container.php(809): ReflectionClass->__construct('App\\Exceptions\\...')
#1 /home/sevensummittreks/test.sevensummittreks.com/vendor/laravel/framework/src/Illuminate/Container/Container.php(691): Illuminate\Container\Container->build('App\\Exceptions\\...')
#2 /home/sevensummittreks/test.sevensummittreks.com/vendor/laravel/framework/src/Illuminate/Foundation/Application.php(796): Illuminate\Container\Container->resolve('App\\Exceptions\\...', Array, false)
#3 /home/sevensummittreks/test.sevensummittreks.com/vendor/laravel/framework/src/Illuminate/Container/Container.php(269): Illuminate\Foundation\Application->resolve('App\\Exceptions\\...', Array, false)
#4 /home/sevensummittreks/test.sevensummittreks.com/ in /home/sevensummittreks/test.sevensummittreks.com/vendor/laravel/framework/src/Illuminate/Container/Container.php on line 811
[04-Jan-2023 13:39:09 Asia/Kathmandu] PHP Fatal error:  Declaration of App\Exceptions\Handler::report(Exception $exception) must be compatible with Illuminate\Foundation\Exceptions\Handler::report(Throwable $e) in /home/sevensummittreks/test.sevensummittreks.com/app/Exceptions/Handler.php on line 37
[04-Jan-2023 13:39:09 Asia/Kathmandu] PHP Fatal error:  Uncaught ReflectionException: Class App\Exceptions\Handler does not exist in /home/sevensummittreks/test.sevensummittreks.com/vendor/laravel/framework/src/Illuminate/Container/Container.php:809
Stack trace:
#0 /home/sevensummittreks/test.sevensummittreks.com/vendor/laravel/framework/src/Illuminate/Container/Container.php(809): ReflectionClass->__construct('App\\Exceptions\\...')
#1 /home/sevensummittreks/test.sevensummittreks.com/vendor/laravel/framework/src/Illuminate/Container/Container.php(691): Illuminate\Container\Container->build('App\\Exceptions\\...')
#2 /home/sevensummittreks/test.sevensummittreks.com/vendor/laravel/framework/src/Illuminate/Foundation/Application.php(796): Illuminate\Container\Container->resolve('App\\Exceptions\\...', Array, false)
#3 /home/sevensummittreks/test.sevensummittreks.com/vendor/laravel/framework/src/Illuminate/Container/Container.php(269): Illuminate\Foundation\Application->resolve('App\\Exceptions\\...', Array, false)
#4 /home/sevensummittreks/test.sevensummittreks.com/ in /home/sevensummittreks/test.sevensummittreks.com/vendor/laravel/framework/src/Illuminate/Container/Container.php on line 811
[04-Jan-2023 13:39:23 Asia/Kathmandu] PHP Fatal error:  Declaration of App\Exceptions\Handler::report(Exception $exception) must be compatible with Illuminate\Foundation\Exceptions\Handler::report(Throwable $e) in /home/sevensummittreks/test.sevensummittreks.com/app/Exceptions/Handler.php on line 37
[04-Jan-2023 13:39:23 Asia/Kathmandu] PHP Fatal error:  Uncaught ReflectionException: Class App\Exceptions\Handler does not exist in /home/sevensummittreks/test.sevensummittreks.com/vendor/laravel/framework/src/Illuminate/Container/Container.php:809
Stack trace:
#0 /home/sevensummittreks/test.sevensummittreks.com/vendor/laravel/framework/src/Illuminate/Container/Container.php(809): ReflectionClass->__construct('App\\Exceptions\\...')
#1 /home/sevensummittreks/test.sevensummittreks.com/vendor/laravel/framework/src/Illuminate/Container/Container.php(691): Illuminate\Container\Container->build('App\\Exceptions\\...')
#2 /home/sevensummittreks/test.sevensummittreks.com/vendor/laravel/framework/src/Illuminate/Foundation/Application.php(796): Illuminate\Container\Container->resolve('App\\Exceptions\\...', Array, false)
#3 /home/sevensummittreks/test.sevensummittreks.com/vendor/laravel/framework/src/Illuminate/Container/Container.php(269): Illuminate\Foundation\Application->resolve('App\\Exceptions\\...', Array, false)
#4 /home/sevensummittreks/test.sevensummittreks.com/ in /home/sevensummittreks/test.sevensummittreks.com/vendor/laravel/framework/src/Illuminate/Container/Container.php on line 811
[04-Jan-2023 13:39:38 Asia/Kathmandu] PHP Fatal error:  Declaration of App\Exceptions\Handler::report(Exception $exception) must be compatible with Illuminate\Foundation\Exceptions\Handler::report(Throwable $e) in /home/sevensummittreks/test.sevensummittreks.com/app/Exceptions/Handler.php on line 37
[04-Jan-2023 13:39:38 Asia/Kathmandu] PHP Fatal error:  Uncaught ReflectionException: Class App\Exceptions\Handler does not exist in /home/sevensummittreks/test.sevensummittreks.com/vendor/laravel/framework/src/Illuminate/Container/Container.php:809
Stack trace:
#0 /home/sevensummittreks/test.sevensummittreks.com/vendor/laravel/framework/src/Illuminate/Container/Container.php(809): ReflectionClass->__construct('App\\Exceptions\\...')
#1 /home/sevensummittreks/test.sevensummittreks.com/vendor/laravel/framework/src/Illuminate/Container/Container.php(691): Illuminate\Container\Container->build('App\\Exceptions\\...')
#2 /home/sevensummittreks/test.sevensummittreks.com/vendor/laravel/framework/src/Illuminate/Foundation/Application.php(796): Illuminate\Container\Container->resolve('App\\Exceptions\\...', Array, false)
#3 /home/sevensummittreks/test.sevensummittreks.com/vendor/laravel/framework/src/Illuminate/Container/Container.php(269): Illuminate\Foundation\Application->resolve('App\\Exceptions\\...', Array, false)
#4 /home/sevensummittreks/test.sevensummittreks.com/ in /home/sevensummittreks/test.sevensummittreks.com/vendor/laravel/framework/src/Illuminate/Container/Container.php on line 811
[04-Jan-2023 13:41:58 Asia/Kathmandu] PHP Fatal error:  Declaration of App\Exceptions\Handler::report(Exception $exception) must be compatible with Illuminate\Foundation\Exceptions\Handler::report(Throwable $e) in /home/sevensummittreks/test.sevensummittreks.com/app/Exceptions/Handler.php on line 37
[04-Jan-2023 13:41:58 Asia/Kathmandu] PHP Fatal error:  Uncaught ReflectionException: Class App\Exceptions\Handler does not exist in /home/sevensummittreks/test.sevensummittreks.com/vendor/laravel/framework/src/Illuminate/Container/Container.php:809
Stack trace:
#0 /home/sevensummittreks/test.sevensummittreks.com/vendor/laravel/framework/src/Illuminate/Container/Container.php(809): ReflectionClass->__construct('App\\Exceptions\\...')
#1 /home/sevensummittreks/test.sevensummittreks.com/vendor/laravel/framework/src/Illuminate/Container/Container.php(691): Illuminate\Container\Container->build('App\\Exceptions\\...')
#2 /home/sevensummittreks/test.sevensummittreks.com/vendor/laravel/framework/src/Illuminate/Foundation/Application.php(796): Illuminate\Container\Container->resolve('App\\Exceptions\\...', Array, false)
#3 /home/sevensummittreks/test.sevensummittreks.com/vendor/laravel/framework/src/Illuminate/Container/Container.php(269): Illuminate\Foundation\Application->resolve('App\\Exceptions\\...', Array, false)
#4 /home/sevensummittreks/test.sevensummittreks.com/ in /home/sevensummittreks/test.sevensummittreks.com/vendor/laravel/framework/src/Illuminate/Container/Container.php on line 811
[04-Jan-2023 13:42:51 Asia/Kathmandu] PHP Fatal error:  Declaration of App\Exceptions\Handler::report(Exception $exception) must be compatible with Illuminate\Foundation\Exceptions\Handler::report(Throwable $e) in /home/sevensummittreks/test.sevensummittreks.com/app/Exceptions/Handler.php on line 37
[04-Jan-2023 13:42:51 Asia/Kathmandu] PHP Fatal error:  Uncaught ReflectionException: Class App\Exceptions\Handler does not exist in /home/sevensummittreks/test.sevensummittreks.com/vendor/laravel/framework/src/Illuminate/Container/Container.php:809
Stack trace:
#0 /home/sevensummittreks/test.sevensummittreks.com/vendor/laravel/framework/src/Illuminate/Container/Container.php(809): ReflectionClass->__construct('App\\Exceptions\\...')
#1 /home/sevensummittreks/test.sevensummittreks.com/vendor/laravel/framework/src/Illuminate/Container/Container.php(691): Illuminate\Container\Container->build('App\\Exceptions\\...')
#2 /home/sevensummittreks/test.sevensummittreks.com/vendor/laravel/framework/src/Illuminate/Foundation/Application.php(796): Illuminate\Container\Container->resolve('App\\Exceptions\\...', Array, false)
#3 /home/sevensummittreks/test.sevensummittreks.com/vendor/laravel/framework/src/Illuminate/Container/Container.php(269): Illuminate\Foundation\Application->resolve('App\\Exceptions\\...', Array, false)
#4 /home/sevensummittreks/test.sevensummittreks.com/ in /home/sevensummittreks/test.sevensummittreks.com/vendor/laravel/framework/src/Illuminate/Container/Container.php on line 811
[04-Jan-2023 13:46:07 Asia/Kathmandu] PHP Fatal error:  Declaration of App\Exceptions\Handler::report(Exception $exception) must be compatible with Illuminate\Foundation\Exceptions\Handler::report(Throwable $e) in /home/sevensummittreks/test.sevensummittreks.com/app/Exceptions/Handler.php on line 37
[04-Jan-2023 13:46:07 Asia/Kathmandu] PHP Fatal error:  Uncaught ReflectionException: Class App\Exceptions\Handler does not exist in /home/sevensummittreks/test.sevensummittreks.com/vendor/laravel/framework/src/Illuminate/Container/Container.php:809
Stack trace:
#0 /home/sevensummittreks/test.sevensummittreks.com/vendor/laravel/framework/src/Illuminate/Container/Container.php(809): ReflectionClass->__construct('App\\Exceptions\\...')
#1 /home/sevensummittreks/test.sevensummittreks.com/vendor/laravel/framework/src/Illuminate/Container/Container.php(691): Illuminate\Container\Container->build('App\\Exceptions\\...')
#2 /home/sevensummittreks/test.sevensummittreks.com/vendor/laravel/framework/src/Illuminate/Foundation/Application.php(796): Illuminate\Container\Container->resolve('App\\Exceptions\\...', Array, false)
#3 /home/sevensummittreks/test.sevensummittreks.com/vendor/laravel/framework/src/Illuminate/Container/Container.php(269): Illuminate\Foundation\Application->resolve('App\\Exceptions\\...', Array, false)
#4 /home/sevensummittreks/test.sevensummittreks.com/ in /home/sevensummittreks/test.sevensummittreks.com/vendor/laravel/framework/src/Illuminate/Container/Container.php on line 811
[04-Jan-2023 13:47:38 Asia/Kathmandu] PHP Fatal error:  Declaration of App\Exceptions\Handler::report(Exception $exception) must be compatible with Illuminate\Foundation\Exceptions\Handler::report(Throwable $e) in /home/sevensummittreks/test.sevensummittreks.com/app/Exceptions/Handler.php on line 37
[04-Jan-2023 13:47:38 Asia/Kathmandu] PHP Fatal error:  Uncaught ReflectionException: Class App\Exceptions\Handler does not exist in /home/sevensummittreks/test.sevensummittreks.com/vendor/laravel/framework/src/Illuminate/Container/Container.php:809
Stack trace:
#0 /home/sevensummittreks/test.sevensummittreks.com/vendor/laravel/framework/src/Illuminate/Container/Container.php(809): ReflectionClass->__construct('App\\Exceptions\\...')
#1 /home/sevensummittreks/test.sevensummittreks.com/vendor/laravel/framework/src/Illuminate/Container/Container.php(691): Illuminate\Container\Container->build('App\\Exceptions\\...')
#2 /home/sevensummittreks/test.sevensummittreks.com/vendor/laravel/framework/src/Illuminate/Foundation/Application.php(796): Illuminate\Container\Container->resolve('App\\Exceptions\\...', Array, false)
#3 /home/sevensummittreks/test.sevensummittreks.com/vendor/laravel/framework/src/Illuminate/Container/Container.php(269): Illuminate\Foundation\Application->resolve('App\\Exceptions\\...', Array, false)
#4 /home/sevensummittreks/test.sevensummittreks.com/ in /home/sevensummittreks/test.sevensummittreks.com/vendor/laravel/framework/src/Illuminate/Container/Container.php on line 811
[04-Jan-2023 13:47:46 Asia/Kathmandu] PHP Fatal error:  Declaration of App\Exceptions\Handler::report(Exception $exception) must be compatible with Illuminate\Foundation\Exceptions\Handler::report(Throwable $e) in /home/sevensummittreks/test.sevensummittreks.com/app/Exceptions/Handler.php on line 37
[04-Jan-2023 13:47:46 Asia/Kathmandu] PHP Fatal error:  Uncaught ReflectionException: Class App\Exceptions\Handler does not exist in /home/sevensummittreks/test.sevensummittreks.com/vendor/laravel/framework/src/Illuminate/Container/Container.php:809
Stack trace:
#0 /home/sevensummittreks/test.sevensummittreks.com/vendor/laravel/framework/src/Illuminate/Container/Container.php(809): ReflectionClass->__construct('App\\Exceptions\\...')
#1 /home/sevensummittreks/test.sevensummittreks.com/vendor/laravel/framework/src/Illuminate/Container/Container.php(691): Illuminate\Container\Container->build('App\\Exceptions\\...')
#2 /home/sevensummittreks/test.sevensummittreks.com/vendor/laravel/framework/src/Illuminate/Foundation/Application.php(796): Illuminate\Container\Container->resolve('App\\Exceptions\\...', Array, false)
#3 /home/sevensummittreks/test.sevensummittreks.com/vendor/laravel/framework/src/Illuminate/Container/Container.php(269): Illuminate\Foundation\Application->resolve('App\\Exceptions\\...', Array, false)
#4 /home/sevensummittreks/test.sevensummittreks.com/ in /home/sevensummittreks/test.sevensummittreks.com/vendor/laravel/framework/src/Illuminate/Container/Container.php on line 811
[04-Jan-2023 13:53:55 Asia/Kathmandu] PHP Fatal error:  Declaration of App\Exceptions\Handler::report(Exception $exception) must be compatible with Illuminate\Foundation\Exceptions\Handler::report(Throwable $e) in /home/sevensummittreks/test.sevensummittreks.com/app/Exceptions/Handler.php on line 37
[04-Jan-2023 13:53:55 Asia/Kathmandu] PHP Fatal error:  Uncaught ReflectionException: Class App\Exceptions\Handler does not exist in /home/sevensummittreks/test.sevensummittreks.com/vendor/laravel/framework/src/Illuminate/Container/Container.php:809
Stack trace:
#0 /home/sevensummittreks/test.sevensummittreks.com/vendor/laravel/framework/src/Illuminate/Container/Container.php(809): ReflectionClass->__construct('App\\Exceptions\\...')
#1 /home/sevensummittreks/test.sevensummittreks.com/vendor/laravel/framework/src/Illuminate/Container/Container.php(691): Illuminate\Container\Container->build('App\\Exceptions\\...')
#2 /home/sevensummittreks/test.sevensummittreks.com/vendor/laravel/framework/src/Illuminate/Foundation/Application.php(796): Illuminate\Container\Container->resolve('App\\Exceptions\\...', Array, false)
#3 /home/sevensummittreks/test.sevensummittreks.com/vendor/laravel/framework/src/Illuminate/Container/Container.php(269): Illuminate\Foundation\Application->resolve('App\\Exceptions\\...', Array, false)
#4 /home/sevensummittreks/test.sevensummittreks.com/ in /home/sevensummittreks/test.sevensummittreks.com/vendor/laravel/framework/src/Illuminate/Container/Container.php on line 811
[04-Jan-2023 13:57:37 Asia/Kathmandu] PHP Fatal error:  Declaration of App\Exceptions\Handler::report(Exception $exception) must be compatible with Illuminate\Foundation\Exceptions\Handler::report(Throwable $e) in /home/sevensummittreks/test.sevensummittreks.com/app/Exceptions/Handler.php on line 37
[04-Jan-2023 13:57:37 Asia/Kathmandu] PHP Fatal error:  Uncaught ReflectionException: Class App\Exceptions\Handler does not exist in /home/sevensummittreks/test.sevensummittreks.com/vendor/laravel/framework/src/Illuminate/Container/Container.php:809
Stack trace:
#0 /home/sevensummittreks/test.sevensummittreks.com/vendor/laravel/framework/src/Illuminate/Container/Container.php(809): ReflectionClass->__construct('App\\Exceptions\\...')
#1 /home/sevensummittreks/test.sevensummittreks.com/vendor/laravel/framework/src/Illuminate/Container/Container.php(691): Illuminate\Container\Container->build('App\\Exceptions\\...')
#2 /home/sevensummittreks/test.sevensummittreks.com/vendor/laravel/framework/src/Illuminate/Foundation/Application.php(796): Illuminate\Container\Container->resolve('App\\Exceptions\\...', Array, false)
#3 /home/sevensummittreks/test.sevensummittreks.com/vendor/laravel/framework/src/Illuminate/Container/Container.php(269): Illuminate\Foundation\Application->resolve('App\\Exceptions\\...', Array, false)
#4 /home/sevensummittreks/test.sevensummittreks.com/ in /home/sevensummittreks/test.sevensummittreks.com/vendor/laravel/framework/src/Illuminate/Container/Container.php on line 811
[04-Jan-2023 14:20:27 Asia/Kathmandu] PHP Fatal error:  Declaration of App\Exceptions\Handler::report(Exception $exception) must be compatible with Illuminate\Foundation\Exceptions\Handler::report(Throwable $e) in /home/sevensummittreks/test.sevensummittreks.com/app/Exceptions/Handler.php on line 37
[04-Jan-2023 14:20:27 Asia/Kathmandu] PHP Fatal error:  Uncaught ReflectionException: Class App\Exceptions\Handler does not exist in /home/sevensummittreks/test.sevensummittreks.com/vendor/laravel/framework/src/Illuminate/Container/Container.php:809
Stack trace:
#0 /home/sevensummittreks/test.sevensummittreks.com/vendor/laravel/framework/src/Illuminate/Container/Container.php(809): ReflectionClass->__construct('App\\Exceptions\\...')
#1 /home/sevensummittreks/test.sevensummittreks.com/vendor/laravel/framework/src/Illuminate/Container/Container.php(691): Illuminate\Container\Container->build('App\\Exceptions\\...')
#2 /home/sevensummittreks/test.sevensummittreks.com/vendor/laravel/framework/src/Illuminate/Foundation/Application.php(796): Illuminate\Container\Container->resolve('App\\Exceptions\\...', Array, false)
#3 /home/sevensummittreks/test.sevensummittreks.com/vendor/laravel/framework/src/Illuminate/Container/Container.php(269): Illuminate\Foundation\Application->resolve('App\\Exceptions\\...', Array, false)
#4 /home/sevensummittreks/test.sevensummittreks.com/ in /home/sevensummittreks/test.sevensummittreks.com/vendor/laravel/framework/src/Illuminate/Container/Container.php on line 811
[04-Jan-2023 14:24:06 Asia/Kathmandu] PHP Fatal error:  Declaration of App\Exceptions\Handler::report(Exception $exception) must be compatible with Illuminate\Foundation\Exceptions\Handler::report(Throwable $e) in /home/sevensummittreks/test.sevensummittreks.com/app/Exceptions/Handler.php on line 37
[04-Jan-2023 14:24:06 Asia/Kathmandu] PHP Fatal error:  Uncaught ReflectionException: Class App\Exceptions\Handler does not exist in /home/sevensummittreks/test.sevensummittreks.com/vendor/laravel/framework/src/Illuminate/Container/Container.php:809
Stack trace:
#0 /home/sevensummittreks/test.sevensummittreks.com/vendor/laravel/framework/src/Illuminate/Container/Container.php(809): ReflectionClass->__construct('App\\Exceptions\\...')
#1 /home/sevensummittreks/test.sevensummittreks.com/vendor/laravel/framework/src/Illuminate/Container/Container.php(691): Illuminate\Container\Container->build('App\\Exceptions\\...')
#2 /home/sevensummittreks/test.sevensummittreks.com/vendor/laravel/framework/src/Illuminate/Foundation/Application.php(796): Illuminate\Container\Container->resolve('App\\Exceptions\\...', Array, false)
#3 /home/sevensummittreks/test.sevensummittreks.com/vendor/laravel/framework/src/Illuminate/Container/Container.php(269): Illuminate\Foundation\Application->resolve('App\\Exceptions\\...', Array, false)
#4 /home/sevensummittreks/test.sevensummittreks.com/ in /home/sevensummittreks/test.sevensummittreks.com/vendor/laravel/framework/src/Illuminate/Container/Container.php on line 811
[04-Jan-2023 14:24:13 Asia/Kathmandu] PHP Fatal error:  Declaration of App\Exceptions\Handler::report(Exception $exception) must be compatible with Illuminate\Foundation\Exceptions\Handler::report(Throwable $e) in /home/sevensummittreks/test.sevensummittreks.com/app/Exceptions/Handler.php on line 37
[04-Jan-2023 14:24:13 Asia/Kathmandu] PHP Fatal error:  Uncaught ReflectionException: Class App\Exceptions\Handler does not exist in /home/sevensummittreks/test.sevensummittreks.com/vendor/laravel/framework/src/Illuminate/Container/Container.php:809
Stack trace:
#0 /home/sevensummittreks/test.sevensummittreks.com/vendor/laravel/framework/src/Illuminate/Container/Container.php(809): ReflectionClass->__construct('App\\Exceptions\\...')
#1 /home/sevensummittreks/test.sevensummittreks.com/vendor/laravel/framework/src/Illuminate/Container/Container.php(691): Illuminate\Container\Container->build('App\\Exceptions\\...')
#2 /home/sevensummittreks/test.sevensummittreks.com/vendor/laravel/framework/src/Illuminate/Foundation/Application.php(796): Illuminate\Container\Container->resolve('App\\Exceptions\\...', Array, false)
#3 /home/sevensummittreks/test.sevensummittreks.com/vendor/laravel/framework/src/Illuminate/Container/Container.php(269): Illuminate\Foundation\Application->resolve('App\\Exceptions\\...', Array, false)
#4 /home/sevensummittreks/test.sevensummittreks.com/ in /home/sevensummittreks/test.sevensummittreks.com/vendor/laravel/framework/src/Illuminate/Container/Container.php on line 811
[04-Jan-2023 14:28:04 Asia/Kathmandu] PHP Fatal error:  Declaration of App\Exceptions\Handler::report(Exception $exception) must be compatible with Illuminate\Foundation\Exceptions\Handler::report(Throwable $e) in /home/sevensummittreks/test.sevensummittreks.com/app/Exceptions/Handler.php on line 37
[04-Jan-2023 14:28:04 Asia/Kathmandu] PHP Fatal error:  Uncaught ReflectionException: Class App\Exceptions\Handler does not exist in /home/sevensummittreks/test.sevensummittreks.com/vendor/laravel/framework/src/Illuminate/Container/Container.php:809
Stack trace:
#0 /home/sevensummittreks/test.sevensummittreks.com/vendor/laravel/framework/src/Illuminate/Container/Container.php(809): ReflectionClass->__construct('App\\Exceptions\\...')
#1 /home/sevensummittreks/test.sevensummittreks.com/vendor/laravel/framework/src/Illuminate/Container/Container.php(691): Illuminate\Container\Container->build('App\\Exceptions\\...')
#2 /home/sevensummittreks/test.sevensummittreks.com/vendor/laravel/framework/src/Illuminate/Foundation/Application.php(796): Illuminate\Container\Container->resolve('App\\Exceptions\\...', Array, false)
#3 /home/sevensummittreks/test.sevensummittreks.com/vendor/laravel/framework/src/Illuminate/Container/Container.php(269): Illuminate\Foundation\Application->resolve('App\\Exceptions\\...', Array, false)
#4 /home/sevensummittreks/test.sevensummittreks.com/ in /home/sevensummittreks/test.sevensummittreks.com/vendor/laravel/framework/src/Illuminate/Container/Container.php on line 811
[04-Jan-2023 14:34:55 Asia/Kathmandu] PHP Fatal error:  Uncaught ReflectionException: Class App\Exceptions\Handler does not exist in /home/sevensummittreks/test.sevensummittreks.com/vendor/laravel/framework/src/Illuminate/Container/Container.php:809
Stack trace:
#0 /home/sevensummittreks/test.sevensummittreks.com/vendor/laravel/framework/src/Illuminate/Container/Container.php(809): ReflectionClass->__construct('App\\Exceptions\\...')
#1 /home/sevensummittreks/test.sevensummittreks.com/vendor/laravel/framework/src/Illuminate/Container/Container.php(691): Illuminate\Container\Container->build('App\\Exceptions\\...')
#2 /home/sevensummittreks/test.sevensummittreks.com/vendor/laravel/framework/src/Illuminate/Foundation/Application.php(796): Illuminate\Container\Container->resolve('App\\Exceptions\\...', Array, false)
#3 /home/sevensummittreks/test.sevensummittreks.com/vendor/laravel/framework/src/Illuminate/Container/Container.php(269): Illuminate\Foundation\Application->resolve('App\\Exceptions\\...', Array, false)
#4 /home/sevensummittreks/test.sevensummittreks.com/ in /home/sevensummittreks/test.sevensummittreks.com/vendor/laravel/framework/src/Illuminate/Container/Container.php on line 811
[04-Jan-2023 14:34:55 Asia/Kathmandu] PHP Fatal error:  Uncaught ReflectionException: Class App\Exceptions\Handler does not exist in /home/sevensummittreks/test.sevensummittreks.com/vendor/laravel/framework/src/Illuminate/Container/Container.php:809
Stack trace:
#0 /home/sevensummittreks/test.sevensummittreks.com/vendor/laravel/framework/src/Illuminate/Container/Container.php(809): ReflectionClass->__construct('App\\Exceptions\\...')
#1 /home/sevensummittreks/test.sevensummittreks.com/vendor/laravel/framework/src/Illuminate/Container/Container.php(691): Illuminate\Container\Container->build('App\\Exceptions\\...')
#2 /home/sevensummittreks/test.sevensummittreks.com/vendor/laravel/framework/src/Illuminate/Foundation/Application.php(796): Illuminate\Container\Container->resolve('App\\Exceptions\\...', Array, false)
#3 /home/sevensummittreks/test.sevensummittreks.com/vendor/laravel/framework/src/Illuminate/Container/Container.php(269): Illuminate\Foundation\Application->resolve('App\\Exceptions\\...', Array, false)
#4 /home/sevensummittreks/test.sevensummittreks.com/ in /home/sevensummittreks/test.sevensummittreks.com/vendor/laravel/framework/src/Illuminate/Container/Container.php on line 811
[29-Feb-2024 13:43:54 Asia/Kathmandu] PHP Fatal error:  Allowed memory size of 33554432 bytes exhausted (tried to allocate 20480 bytes) in /home/sevensummittreks/public_html/vendor/laravel/framework/src/Illuminate/Foundation/Application.php on line 756
[29-Feb-2024 13:43:54 Asia/Kathmandu] PHP Fatal error:  Allowed memory size of 33554432 bytes exhausted (tried to allocate 20480 bytes) in /home/sevensummittreks/public_html/vendor/laravel/framework/src/Illuminate/Auth/AuthManager.php on line 100
[04-Mar-2024 18:01:38 Asia/Kathmandu] PHP Fatal error:  Allowed memory size of 33554432 bytes exhausted (tried to allocate 20480 bytes) in /home/sevensummittreks/public_html/vendor/symfony/console/Style/SymfonyStyle.php on line 499
[04-Mar-2024 18:01:38 Asia/Kathmandu] PHP Fatal error:  Allowed memory size of 33554432 bytes exhausted (tried to allocate 20480 bytes) in /home/sevensummittreks/public_html/vendor/laravel/framework/src/Illuminate/Support/Facades/Auth.php on line 37
[04-Mar-2024 18:02:41 Asia/Kathmandu] PHP Fatal error:  Allowed memory size of 33554432 bytes exhausted (tried to allocate 20480 bytes) in /home/sevensummittreks/public_html/vendor/symfony/console/Style/SymfonyStyle.php on line 499
[04-Mar-2024 18:02:41 Asia/Kathmandu] PHP Fatal error:  Allowed memory size of 33554432 bytes exhausted (tried to allocate 20480 bytes) in /home/sevensummittreks/public_html/vendor/laravel/framework/src/Illuminate/Support/Facades/Auth.php on line 37
[05-Mar-2024 12:01:09 Asia/Kathmandu] PHP Fatal error:  Allowed memory size of 33554432 bytes exhausted (tried to allocate 20480 bytes) in /home/sevensummittreks/public_html/vendor/symfony/console/Style/SymfonyStyle.php on line 499
[05-Mar-2024 12:01:09 Asia/Kathmandu] PHP Fatal error:  Allowed memory size of 33554432 bytes exhausted (tried to allocate 20480 bytes) in /home/sevensummittreks/public_html/vendor/laravel/framework/src/Illuminate/Support/Facades/Auth.php on line 37
[05-Mar-2024 12:01:23 Asia/Kathmandu] PHP Fatal error:  Allowed memory size of 33554432 bytes exhausted (tried to allocate 20480 bytes) in /home/sevensummittreks/public_html/vendor/symfony/console/Style/SymfonyStyle.php on line 499
[05-Mar-2024 12:01:23 Asia/Kathmandu] PHP Fatal error:  Allowed memory size of 33554432 bytes exhausted (tried to allocate 20480 bytes) in /home/sevensummittreks/public_html/vendor/laravel/framework/src/Illuminate/Support/Facades/Auth.php on line 37
[05-Mar-2024 12:01:48 Asia/Kathmandu] PHP Fatal error:  Allowed memory size of 33554432 bytes exhausted (tried to allocate 32768 bytes) in /home/sevensummittreks/public_html/vendor/laravel/framework/src/Illuminate/Auth/SessionGuard.php on line 1
[05-Mar-2024 12:01:48 Asia/Kathmandu] PHP Fatal error:  Allowed memory size of 33554432 bytes exhausted (tried to allocate 20480 bytes) in /home/sevensummittreks/public_html/vendor/monolog/monolog/src/Monolog/Handler/StreamHandler.php on line 157
[05-Mar-2024 12:17:47 Asia/Kathmandu] PHP Fatal error:  Allowed memory size of 33554432 bytes exhausted (tried to allocate 32768 bytes) in /home/sevensummittreks/public_html/vendor/symfony/console/Command/Command.php on line 1
[05-Mar-2024 12:17:47 Asia/Kathmandu] PHP Fatal error:  Allowed memory size of 33554432 bytes exhausted (tried to allocate 32768 bytes) in /home/sevensummittreks/public_html/vendor/laravel/framework/src/Illuminate/Auth/SessionGuard.php on line 1
[05-Mar-2024 12:17:54 Asia/Kathmandu] PHP Fatal error:  Allowed memory size of 33554432 bytes exhausted (tried to allocate 32768 bytes) in /home/sevensummittreks/public_html/vendor/symfony/console/Command/Command.php on line 1
[05-Mar-2024 12:17:54 Asia/Kathmandu] PHP Fatal error:  Allowed memory size of 33554432 bytes exhausted (tried to allocate 32768 bytes) in /home/sevensummittreks/public_html/vendor/laravel/framework/src/Illuminate/Auth/SessionGuard.php on line 1
[05-Mar-2024 12:19:06 Asia/Kathmandu] PHP Fatal error:  Allowed memory size of 33554432 bytes exhausted (tried to allocate 32768 bytes) in /home/sevensummittreks/public_html/vendor/symfony/console/Command/Command.php on line 1
[05-Mar-2024 12:19:06 Asia/Kathmandu] PHP Fatal error:  Allowed memory size of 33554432 bytes exhausted (tried to allocate 32768 bytes) in /home/sevensummittreks/public_html/vendor/laravel/framework/src/Illuminate/Auth/SessionGuard.php on line 1
[05-Mar-2024 12:19:25 Asia/Kathmandu] PHP Fatal error:  Allowed memory size of 33554432 bytes exhausted (tried to allocate 32768 bytes) in /home/sevensummittreks/public_html/vendor/symfony/console/Command/Command.php on line 1
[05-Mar-2024 12:19:25 Asia/Kathmandu] PHP Fatal error:  Allowed memory size of 33554432 bytes exhausted (tried to allocate 32768 bytes) in /home/sevensummittreks/public_html/vendor/laravel/framework/src/Illuminate/Auth/SessionGuard.php on line 1
[05-Mar-2024 12:19:41 Asia/Kathmandu] PHP Fatal error:  Allowed memory size of 33554432 bytes exhausted (tried to allocate 32768 bytes) in /home/sevensummittreks/public_html/vendor/symfony/console/Command/Command.php on line 1
[05-Mar-2024 12:19:41 Asia/Kathmandu] PHP Fatal error:  Allowed memory size of 33554432 bytes exhausted (tried to allocate 32768 bytes) in /home/sevensummittreks/public_html/vendor/laravel/framework/src/Illuminate/Auth/SessionGuard.php on line 1
[05-Mar-2024 12:20:08 Asia/Kathmandu] PHP Fatal error:  Allowed memory size of 33554432 bytes exhausted (tried to allocate 32768 bytes) in /home/sevensummittreks/public_html/vendor/symfony/console/Command/Command.php on line 1
[05-Mar-2024 12:20:08 Asia/Kathmandu] PHP Fatal error:  Allowed memory size of 33554432 bytes exhausted (tried to allocate 32768 bytes) in /home/sevensummittreks/public_html/vendor/laravel/framework/src/Illuminate/Auth/SessionGuard.php on line 1
[05-Mar-2024 13:23:10 Asia/Kathmandu] PHP Fatal error:  Allowed memory size of 33554432 bytes exhausted (tried to allocate 32768 bytes) in /home/sevensummittreks/public_html/vendor/symfony/console/Command/Command.php on line 420
[05-Mar-2024 13:23:10 Asia/Kathmandu] PHP Fatal error:  Allowed memory size of 33554432 bytes exhausted (tried to allocate 32768 bytes) in /home/sevensummittreks/public_html/vendor/laravel/framework/src/Illuminate/Auth/SessionGuard.php on line 1
[05-Mar-2024 14:29:31 Asia/Kathmandu] PHP Fatal error:  Allowed memory size of 33554432 bytes exhausted (tried to allocate 32768 bytes) in /home/sevensummittreks/public_html/vendor/symfony/console/Command/Command.php on line 1
[05-Mar-2024 14:29:31 Asia/Kathmandu] PHP Fatal error:  Allowed memory size of 33554432 bytes exhausted (tried to allocate 32768 bytes) in /home/sevensummittreks/public_html/vendor/laravel/framework/src/Illuminate/Auth/SessionGuard.php on line 1
[05-Mar-2024 14:29:33 Asia/Kathmandu] PHP Fatal error:  Allowed memory size of 33554432 bytes exhausted (tried to allocate 32768 bytes) in /home/sevensummittreks/public_html/vendor/symfony/console/Command/Command.php on line 1
[05-Mar-2024 14:29:33 Asia/Kathmandu] PHP Fatal error:  Allowed memory size of 33554432 bytes exhausted (tried to allocate 32768 bytes) in /home/sevensummittreks/public_html/vendor/laravel/framework/src/Illuminate/Auth/SessionGuard.php on line 1
[05-Mar-2024 14:29:45 Asia/Kathmandu] PHP Fatal error:  Allowed memory size of 33554432 bytes exhausted (tried to allocate 32768 bytes) in /home/sevensummittreks/public_html/vendor/symfony/console/Command/Command.php on line 1
[05-Mar-2024 14:29:45 Asia/Kathmandu] PHP Fatal error:  Allowed memory size of 33554432 bytes exhausted (tried to allocate 32768 bytes) in /home/sevensummittreks/public_html/vendor/laravel/framework/src/Illuminate/Auth/SessionGuard.php on line 1
[05-Mar-2024 14:29:49 Asia/Kathmandu] PHP Fatal error:  Allowed memory size of 33554432 bytes exhausted (tried to allocate 32768 bytes) in /home/sevensummittreks/public_html/vendor/symfony/console/Command/Command.php on line 1
[05-Mar-2024 14:29:49 Asia/Kathmandu] PHP Fatal error:  Allowed memory size of 33554432 bytes exhausted (tried to allocate 32768 bytes) in /home/sevensummittreks/public_html/vendor/laravel/framework/src/Illuminate/Auth/SessionGuard.php on line 1
[05-Mar-2024 14:42:38 Asia/Kathmandu] PHP Fatal error:  Allowed memory size of 33554432 bytes exhausted (tried to allocate 32768 bytes) in /home/sevensummittreks/public_html/vendor/symfony/console/Command/Command.php on line 1
[05-Mar-2024 14:42:38 Asia/Kathmandu] PHP Fatal error:  Allowed memory size of 33554432 bytes exhausted (tried to allocate 32768 bytes) in /home/sevensummittreks/public_html/vendor/laravel/framework/src/Illuminate/Auth/SessionGuard.php on line 1
[05-Mar-2024 14:51:31 Asia/Kathmandu] PHP Fatal error:  Allowed memory size of 33554432 bytes exhausted (tried to allocate 32768 bytes) in /home/sevensummittreks/public_html/vendor/symfony/console/Command/Command.php on line 1
[05-Mar-2024 14:51:31 Asia/Kathmandu] PHP Fatal error:  Allowed memory size of 33554432 bytes exhausted (tried to allocate 32768 bytes) in /home/sevensummittreks/public_html/vendor/laravel/framework/src/Illuminate/Auth/SessionGuard.php on line 1
[05-Mar-2024 14:55:08 Asia/Kathmandu] PHP Fatal error:  Allowed memory size of 33554432 bytes exhausted (tried to allocate 32768 bytes) in /home/sevensummittreks/public_html/vendor/symfony/console/Command/Command.php on line 1
[05-Mar-2024 14:55:08 Asia/Kathmandu] PHP Fatal error:  Allowed memory size of 33554432 bytes exhausted (tried to allocate 32768 bytes) in /home/sevensummittreks/public_html/vendor/laravel/framework/src/Illuminate/Auth/SessionGuard.php on line 1
[05-Mar-2024 14:55:18 Asia/Kathmandu] PHP Fatal error:  Allowed memory size of 33554432 bytes exhausted (tried to allocate 32768 bytes) in /home/sevensummittreks/public_html/vendor/symfony/console/Command/Command.php on line 1
[05-Mar-2024 14:55:18 Asia/Kathmandu] PHP Fatal error:  Allowed memory size of 33554432 bytes exhausted (tried to allocate 32768 bytes) in /home/sevensummittreks/public_html/vendor/laravel/framework/src/Illuminate/Auth/SessionGuard.php on line 1
